<?xml version="1.0" encoding="UTF-8"?>
<testsuite name="org.apache.xmpbox.schema.DublinCoreTest" time="0.373" tests="60" errors="0" skipped="0" failures="0">
  <properties>
    <property name="java.runtime.name" value="Java(TM) SE Runtime Environment"/>
    <property name="sun.boot.library.path" value="C:\Program Files\Java\jdk1.7.0_25\jre\bin"/>
    <property name="java.vm.version" value="23.25-b01"/>
    <property name="java.vm.vendor" value="Oracle Corporation"/>
    <property name="java.vendor.url" value="http://java.oracle.com/"/>
    <property name="path.separator" value=";"/>
    <property name="guice.disable.misplaced.annotation.check" value="true"/>
    <property name="java.vm.name" value="Java HotSpot(TM) 64-Bit Server VM"/>
    <property name="file.encoding.pkg" value="sun.io"/>
    <property name="user.script" value=""/>
    <property name="user.country" value="US"/>
    <property name="sun.java.launcher" value="SUN_STANDARD"/>
    <property name="sun.os.patch.level" value="Service Pack 1"/>
    <property name="java.vm.specification.name" value="Java Virtual Machine Specification"/>
    <property name="user.dir" value="C:\Users\NetBeansW\trunk"/>
    <property name="java.runtime.version" value="1.7.0_25-b17"/>
    <property name="java.awt.graphicsenv" value="sun.awt.Win32GraphicsEnvironment"/>
    <property name="java.endorsed.dirs" value="C:\Program Files\Java\jdk1.7.0_25\jre\lib\endorsed"/>
    <property name="os.arch" value="amd64"/>
    <property name="java.io.tmpdir" value="C:\Users\Shaola\AppData\Local\Temp\"/>
    <property name="line.separator" value="&#10;"/>
    <property name="java.vm.specification.vendor" value="Oracle Corporation"/>
    <property name="user.variant" value=""/>
    <property name="os.name" value="Windows 7"/>
    <property name="maven.ext.class.path" value="C:\Program Files\NetBeans 8.0\java\maven-nblib\netbeans-eventspy.jar"/>
    <property name="classworlds.conf" value="C:\Program Files\NetBeans 8.0\java\maven\bin\m2.conf"/>
    <property name="sun.jnu.encoding" value="GBK"/>
    <property name="java.library.path" value="C:\Program Files\Java\jdk1.7.0_25\bin;C:\windows\Sun\Java\bin;C:\windows\system32;C:\windows;C:\Program Files (x86)\MiKTeX 2.9\miktex\bin;C:\Program Files\Common Files\Microsoft Shared\Windows Live;C:\Program Files (x86)\Common Files\Microsoft Shared\Windows Live;C:\windows\system32;C:\windows;C:\windows\System32\Wbem;C:\windows\System32\WindowsPowerShell\v1.0\;C:\Program Files\Intel\WiFi\bin\;C:\Program Files\Common Files\Intel\WirelessCommon\;c:\Program Files (x86)\Common Files\Roxio Shared\DLLShared\;c:\Program Files (x86)\Common Files\Roxio Shared\OEM\DLLShared\;c:\Program Files (x86)\Common Files\Roxio Shared\OEM\DLLShared\;c:\Program Files (x86)\Common Files\Roxio Shared\OEM\12.0\DLLShared\;c:\Program Files (x86)\Roxio\OEM\AudioCore\;C:\Program Files (x86)\Windows Live\Shared;C:\Program Files\Java\jdk1.7.0_25\bin;C:\Python27;C:\Program Files\nodejs\;C:\Octave\3.2.4_gcc-4.4.0\bin;C:\Program Files (x86)\CodeBlocks\MinGW\bin;C:\Program Files (x86)\Git\cmd;C:\Users\Shaola\AppData\Roaming\npm;C:\apache-maven-3.2.1\bin;C:\Ruby200-x64\bin;."/>
    <property name="java.specification.name" value="Java Platform API Specification"/>
    <property name="java.class.version" value="51.0"/>
    <property name="sun.management.compiler" value="HotSpot 64-Bit Tiered Compilers"/>
    <property name="os.version" value="6.1"/>
    <property name="user.home" value="C:\Users\Shaola"/>
    <property name="user.timezone" value="America/New_York"/>
    <property name="java.awt.printerjob" value="sun.awt.windows.WPrinterJob"/>
    <property name="java.specification.version" value="1.7"/>
    <property name="file.encoding" value="ISO-8859-1"/>
    <property name="user.name" value="Shaola"/>
    <property name="java.class.path" value="C:\Program Files\NetBeans 8.0\java\maven\boot\plexus-classworlds-2.4.jar"/>
    <property name="java.vm.specification.version" value="1.7"/>
    <property name="sun.arch.data.model" value="64"/>
    <property name="java.home" value="C:\Program Files\Java\jdk1.7.0_25\jre"/>
    <property name="sun.java.command" value="org.codehaus.plexus.classworlds.launcher.Launcher -Dmaven.ext.class.path=C:\Program Files\NetBeans 8.0\java\maven-nblib\netbeans-eventspy.jar -Dfile.encoding=ISO-8859-1 install"/>
    <property name="java.specification.vendor" value="Oracle Corporation"/>
    <property name="user.language" value="en"/>
    <property name="awt.toolkit" value="sun.awt.windows.WToolkit"/>
    <property name="java.vm.info" value="mixed mode"/>
    <property name="java.version" value="1.7.0_25"/>
    <property name="java.ext.dirs" value="C:\Program Files\Java\jdk1.7.0_25\jre\lib\ext;C:\windows\Sun\Java\lib\ext"/>
    <property name="sun.boot.class.path" value="C:\Program Files\Java\jdk1.7.0_25\jre\lib\resources.jar;C:\Program Files\Java\jdk1.7.0_25\jre\lib\rt.jar;C:\Program Files\Java\jdk1.7.0_25\jre\lib\sunrsasign.jar;C:\Program Files\Java\jdk1.7.0_25\jre\lib\jsse.jar;C:\Program Files\Java\jdk1.7.0_25\jre\lib\jce.jar;C:\Program Files\Java\jdk1.7.0_25\jre\lib\charsets.jar;C:\Program Files\Java\jdk1.7.0_25\jre\lib\jfr.jar;C:\Program Files\Java\jdk1.7.0_25\jre\classes"/>
    <property name="java.vendor" value="Oracle Corporation"/>
    <property name="maven.home" value="C:\Program Files\NetBeans 8.0\java\maven"/>
    <property name="file.separator" value="\"/>
    <property name="java.vendor.url.bug" value="http://bugreport.sun.com/bugreport/"/>
    <property name="sun.cpu.endian" value="little"/>
    <property name="sun.io.unicode.encoding" value="UnicodeLittle"/>
    <property name="sun.desktop" value="windows"/>
    <property name="sun.cpu.isalist" value="amd64"/>
  </properties>
  <testcase name="testPropertySetterInArray[0]" classname="org.apache.xmpbox.schema.DublinCoreTest" time="0.082"/>
  <testcase name="testSettingValueInArray[0]" classname="org.apache.xmpbox.schema.DublinCoreTest" time="0.009"/>
  <testcase name="testInitializedToNull[0]" classname="org.apache.xmpbox.schema.DublinCoreTest" time="0.005"/>
  <testcase name="testSettingValue[0]" classname="org.apache.xmpbox.schema.DublinCoreTest" time="0.004"/>
  <testcase name="testPropertySetterSimple[0]" classname="org.apache.xmpbox.schema.DublinCoreTest" time="0.004"/>
  <testcase name="testPropertySetterInArray[1]" classname="org.apache.xmpbox.schema.DublinCoreTest" time="0.004"/>
  <testcase name="testSettingValueInArray[1]" classname="org.apache.xmpbox.schema.DublinCoreTest" time="0.004"/>
  <testcase name="testInitializedToNull[1]" classname="org.apache.xmpbox.schema.DublinCoreTest" time="0.005"/>
  <testcase name="testSettingValue[1]" classname="org.apache.xmpbox.schema.DublinCoreTest" time="0.005"/>
  <testcase name="testPropertySetterSimple[1]" classname="org.apache.xmpbox.schema.DublinCoreTest" time="0.005"/>
  <testcase name="testPropertySetterInArray[2]" classname="org.apache.xmpbox.schema.DublinCoreTest" time="0.005"/>
  <testcase name="testSettingValueInArray[2]" classname="org.apache.xmpbox.schema.DublinCoreTest" time="0.006"/>
  <testcase name="testInitializedToNull[2]" classname="org.apache.xmpbox.schema.DublinCoreTest" time="0.006"/>
  <testcase name="testSettingValue[2]" classname="org.apache.xmpbox.schema.DublinCoreTest" time="0.005"/>
  <testcase name="testPropertySetterSimple[2]" classname="org.apache.xmpbox.schema.DublinCoreTest" time="0.01"/>
  <testcase name="testPropertySetterInArray[3]" classname="org.apache.xmpbox.schema.DublinCoreTest" time="0.005"/>
  <testcase name="testSettingValueInArray[3]" classname="org.apache.xmpbox.schema.DublinCoreTest" time="0.005"/>
  <testcase name="testInitializedToNull[3]" classname="org.apache.xmpbox.schema.DublinCoreTest" time="0.004"/>
  <testcase name="testSettingValue[3]" classname="org.apache.xmpbox.schema.DublinCoreTest" time="0.004"/>
  <testcase name="testPropertySetterSimple[3]" classname="org.apache.xmpbox.schema.DublinCoreTest" time="0.005"/>
  <testcase name="testPropertySetterInArray[4]" classname="org.apache.xmpbox.schema.DublinCoreTest" time="0.004"/>
  <testcase name="testSettingValueInArray[4]" classname="org.apache.xmpbox.schema.DublinCoreTest" time="0.005"/>
  <testcase name="testInitializedToNull[4]" classname="org.apache.xmpbox.schema.DublinCoreTest" time="0.004"/>
  <testcase name="testSettingValue[4]" classname="org.apache.xmpbox.schema.DublinCoreTest" time="0.005"/>
  <testcase name="testPropertySetterSimple[4]" classname="org.apache.xmpbox.schema.DublinCoreTest" time="0.004"/>
  <testcase name="testPropertySetterInArray[5]" classname="org.apache.xmpbox.schema.DublinCoreTest" time="0.004"/>
  <testcase name="testSettingValueInArray[5]" classname="org.apache.xmpbox.schema.DublinCoreTest" time="0.004"/>
  <testcase name="testInitializedToNull[5]" classname="org.apache.xmpbox.schema.DublinCoreTest" time="0.004"/>
  <testcase name="testSettingValue[5]" classname="org.apache.xmpbox.schema.DublinCoreTest" time="0.006"/>
  <testcase name="testPropertySetterSimple[5]" classname="org.apache.xmpbox.schema.DublinCoreTest" time="0.004"/>
  <testcase name="testPropertySetterInArray[6]" classname="org.apache.xmpbox.schema.DublinCoreTest" time="0.005"/>
  <testcase name="testSettingValueInArray[6]" classname="org.apache.xmpbox.schema.DublinCoreTest" time="0.005"/>
  <testcase name="testInitializedToNull[6]" classname="org.apache.xmpbox.schema.DublinCoreTest" time="0.004"/>
  <testcase name="testSettingValue[6]" classname="org.apache.xmpbox.schema.DublinCoreTest" time="0.004"/>
  <testcase name="testPropertySetterSimple[6]" classname="org.apache.xmpbox.schema.DublinCoreTest" time="0.009"/>
  <testcase name="testPropertySetterInArray[7]" classname="org.apache.xmpbox.schema.DublinCoreTest" time="0.004"/>
  <testcase name="testSettingValueInArray[7]" classname="org.apache.xmpbox.schema.DublinCoreTest" time="0.006"/>
  <testcase name="testInitializedToNull[7]" classname="org.apache.xmpbox.schema.DublinCoreTest" time="0.004"/>
  <testcase name="testSettingValue[7]" classname="org.apache.xmpbox.schema.DublinCoreTest" time="0.004"/>
  <testcase name="testPropertySetterSimple[7]" classname="org.apache.xmpbox.schema.DublinCoreTest" time="0.005"/>
  <testcase name="testPropertySetterInArray[8]" classname="org.apache.xmpbox.schema.DublinCoreTest" time="0.004"/>
  <testcase name="testSettingValueInArray[8]" classname="org.apache.xmpbox.schema.DublinCoreTest" time="0.005"/>
  <testcase name="testInitializedToNull[8]" classname="org.apache.xmpbox.schema.DublinCoreTest" time="0.004"/>
  <testcase name="testSettingValue[8]" classname="org.apache.xmpbox.schema.DublinCoreTest" time="0.004"/>
  <testcase name="testPropertySetterSimple[8]" classname="org.apache.xmpbox.schema.DublinCoreTest" time="0.004"/>
  <testcase name="testPropertySetterInArray[9]" classname="org.apache.xmpbox.schema.DublinCoreTest" time="0.006"/>
  <testcase name="testSettingValueInArray[9]" classname="org.apache.xmpbox.schema.DublinCoreTest" time="0.006"/>
  <testcase name="testInitializedToNull[9]" classname="org.apache.xmpbox.schema.DublinCoreTest" time="0.004"/>
  <testcase name="testSettingValue[9]" classname="org.apache.xmpbox.schema.DublinCoreTest" time="0.006"/>
  <testcase name="testPropertySetterSimple[9]" classname="org.apache.xmpbox.schema.DublinCoreTest" time="0.004"/>
  <testcase name="testPropertySetterInArray[10]" classname="org.apache.xmpbox.schema.DublinCoreTest" time="0.004"/>
  <testcase name="testSettingValueInArray[10]" classname="org.apache.xmpbox.schema.DublinCoreTest" time="0.005"/>
  <testcase name="testInitializedToNull[10]" classname="org.apache.xmpbox.schema.DublinCoreTest" time="0.004"/>
  <testcase name="testSettingValue[10]" classname="org.apache.xmpbox.schema.DublinCoreTest" time="0.006"/>
  <testcase name="testPropertySetterSimple[10]" classname="org.apache.xmpbox.schema.DublinCoreTest" time="0.004"/>
  <testcase name="testPropertySetterInArray[11]" classname="org.apache.xmpbox.schema.DublinCoreTest" time="0.005"/>
  <testcase name="testSettingValueInArray[11]" classname="org.apache.xmpbox.schema.DublinCoreTest" time="0.005"/>
  <testcase name="testInitializedToNull[11]" classname="org.apache.xmpbox.schema.DublinCoreTest" time="0.005"/>
  <testcase name="testSettingValue[11]" classname="org.apache.xmpbox.schema.DublinCoreTest" time="0.006"/>
  <testcase name="testPropertySetterSimple[11]" classname="org.apache.xmpbox.schema.DublinCoreTest" time="0.006"/>
</testsuite>