<?xml version="1.0" encoding="UTF-8"?>
<testsuite name="org.apache.xmpbox.schema.XMPMediaManagementTest" time="0.178" tests="22" errors="0" skipped="0" failures="0">
  <properties>
    <property name="java.runtime.name" value="Java(TM) SE Runtime Environment"/>
    <property name="sun.boot.library.path" value="C:\Program Files\Java\jdk1.7.0_25\jre\bin"/>
    <property name="java.vm.version" value="23.25-b01"/>
    <property name="java.vm.vendor" value="Oracle Corporation"/>
    <property name="java.vendor.url" value="http://java.oracle.com/"/>
    <property name="path.separator" value=";"/>
    <property name="guice.disable.misplaced.annotation.check" value="true"/>
    <property name="java.vm.name" value="Java HotSpot(TM) 64-Bit Server VM"/>
    <property name="file.encoding.pkg" value="sun.io"/>
    <property name="user.script" value=""/>
    <property name="user.country" value="US"/>
    <property name="sun.java.launcher" value="SUN_STANDARD"/>
    <property name="sun.os.patch.level" value="Service Pack 1"/>
    <property name="java.vm.specification.name" value="Java Virtual Machine Specification"/>
    <property name="user.dir" value="C:\Users\NetBeansW\trunk"/>
    <property name="java.runtime.version" value="1.7.0_25-b17"/>
    <property name="java.awt.graphicsenv" value="sun.awt.Win32GraphicsEnvironment"/>
    <property name="java.endorsed.dirs" value="C:\Program Files\Java\jdk1.7.0_25\jre\lib\endorsed"/>
    <property name="os.arch" value="amd64"/>
    <property name="java.io.tmpdir" value="C:\Users\Shaola\AppData\Local\Temp\"/>
    <property name="line.separator" value="&#10;"/>
    <property name="java.vm.specification.vendor" value="Oracle Corporation"/>
    <property name="user.variant" value=""/>
    <property name="os.name" value="Windows 7"/>
    <property name="maven.ext.class.path" value="C:\Program Files\NetBeans 8.0\java\maven-nblib\netbeans-eventspy.jar"/>
    <property name="classworlds.conf" value="C:\Program Files\NetBeans 8.0\java\maven\bin\m2.conf"/>
    <property name="sun.jnu.encoding" value="GBK"/>
    <property name="java.library.path" value="C:\Program Files\Java\jdk1.7.0_25\bin;C:\windows\Sun\Java\bin;C:\windows\system32;C:\windows;C:\Program Files (x86)\MiKTeX 2.9\miktex\bin;C:\Program Files\Common Files\Microsoft Shared\Windows Live;C:\Program Files (x86)\Common Files\Microsoft Shared\Windows Live;C:\windows\system32;C:\windows;C:\windows\System32\Wbem;C:\windows\System32\WindowsPowerShell\v1.0\;C:\Program Files\Intel\WiFi\bin\;C:\Program Files\Common Files\Intel\WirelessCommon\;c:\Program Files (x86)\Common Files\Roxio Shared\DLLShared\;c:\Program Files (x86)\Common Files\Roxio Shared\OEM\DLLShared\;c:\Program Files (x86)\Common Files\Roxio Shared\OEM\DLLShared\;c:\Program Files (x86)\Common Files\Roxio Shared\OEM\12.0\DLLShared\;c:\Program Files (x86)\Roxio\OEM\AudioCore\;C:\Program Files (x86)\Windows Live\Shared;C:\Program Files\Java\jdk1.7.0_25\bin;C:\Python27;C:\Program Files\nodejs\;C:\Octave\3.2.4_gcc-4.4.0\bin;C:\Program Files (x86)\CodeBlocks\MinGW\bin;C:\Program Files (x86)\Git\cmd;C:\Users\Shaola\AppData\Roaming\npm;C:\apache-maven-3.2.1\bin;C:\Ruby200-x64\bin;."/>
    <property name="java.specification.name" value="Java Platform API Specification"/>
    <property name="java.class.version" value="51.0"/>
    <property name="sun.management.compiler" value="HotSpot 64-Bit Tiered Compilers"/>
    <property name="os.version" value="6.1"/>
    <property name="user.home" value="C:\Users\Shaola"/>
    <property name="user.timezone" value="America/New_York"/>
    <property name="java.awt.printerjob" value="sun.awt.windows.WPrinterJob"/>
    <property name="java.specification.version" value="1.7"/>
    <property name="file.encoding" value="ISO-8859-1"/>
    <property name="user.name" value="Shaola"/>
    <property name="java.class.path" value="C:\Program Files\NetBeans 8.0\java\maven\boot\plexus-classworlds-2.4.jar"/>
    <property name="java.vm.specification.version" value="1.7"/>
    <property name="sun.arch.data.model" value="64"/>
    <property name="java.home" value="C:\Program Files\Java\jdk1.7.0_25\jre"/>
    <property name="sun.java.command" value="org.codehaus.plexus.classworlds.launcher.Launcher -Dmaven.ext.class.path=C:\Program Files\NetBeans 8.0\java\maven-nblib\netbeans-eventspy.jar -Dfile.encoding=ISO-8859-1 install"/>
    <property name="java.specification.vendor" value="Oracle Corporation"/>
    <property name="user.language" value="en"/>
    <property name="awt.toolkit" value="sun.awt.windows.WToolkit"/>
    <property name="java.vm.info" value="mixed mode"/>
    <property name="java.version" value="1.7.0_25"/>
    <property name="java.ext.dirs" value="C:\Program Files\Java\jdk1.7.0_25\jre\lib\ext;C:\windows\Sun\Java\lib\ext"/>
    <property name="sun.boot.class.path" value="C:\Program Files\Java\jdk1.7.0_25\jre\lib\resources.jar;C:\Program Files\Java\jdk1.7.0_25\jre\lib\rt.jar;C:\Program Files\Java\jdk1.7.0_25\jre\lib\sunrsasign.jar;C:\Program Files\Java\jdk1.7.0_25\jre\lib\jsse.jar;C:\Program Files\Java\jdk1.7.0_25\jre\lib\jce.jar;C:\Program Files\Java\jdk1.7.0_25\jre\lib\charsets.jar;C:\Program Files\Java\jdk1.7.0_25\jre\lib\jfr.jar;C:\Program Files\Java\jdk1.7.0_25\jre\classes"/>
    <property name="java.vendor" value="Oracle Corporation"/>
    <property name="maven.home" value="C:\Program Files\NetBeans 8.0\java\maven"/>
    <property name="file.separator" value="\"/>
    <property name="java.vendor.url.bug" value="http://bugreport.sun.com/bugreport/"/>
    <property name="sun.cpu.endian" value="little"/>
    <property name="sun.io.unicode.encoding" value="UnicodeLittle"/>
    <property name="sun.desktop" value="windows"/>
    <property name="sun.cpu.isalist" value="amd64"/>
  </properties>
  <testcase name="testGetSetValue[DocumentID org.apache.xmpbox.type.TypeMapping$1@45eefc33 {2}]" classname="org.apache.xmpbox.schema.XMPMediaManagementTest" time="0.005"/>
  <testcase name="testGetSetProperty[DocumentID org.apache.xmpbox.type.TypeMapping$1@45eefc33 {2}]" classname="org.apache.xmpbox.schema.XMPMediaManagementTest" time="0.007"/>
  <testcase name="testGetSetValue[Manager org.apache.xmpbox.type.TypeMapping$1@4cef9c23 {2}]" classname="org.apache.xmpbox.schema.XMPMediaManagementTest" time="0.005"/>
  <testcase name="testGetSetProperty[Manager org.apache.xmpbox.type.TypeMapping$1@4cef9c23 {2}]" classname="org.apache.xmpbox.schema.XMPMediaManagementTest" time="0.008"/>
  <testcase name="testGetSetValue[ManageTo org.apache.xmpbox.type.TypeMapping$1@6f3e54b {2}]" classname="org.apache.xmpbox.schema.XMPMediaManagementTest" time="0.005"/>
  <testcase name="testGetSetProperty[ManageTo org.apache.xmpbox.type.TypeMapping$1@6f3e54b {2}]" classname="org.apache.xmpbox.schema.XMPMediaManagementTest" time="0.011"/>
  <testcase name="testGetSetValue[ManageUI org.apache.xmpbox.type.TypeMapping$1@7652a27d {2}]" classname="org.apache.xmpbox.schema.XMPMediaManagementTest" time="0.014"/>
  <testcase name="testGetSetProperty[ManageUI org.apache.xmpbox.type.TypeMapping$1@7652a27d {2}]" classname="org.apache.xmpbox.schema.XMPMediaManagementTest" time="0.025"/>
  <testcase name="testGetSetValue[InstanceID org.apache.xmpbox.type.TypeMapping$1@2b29f93b {2}]" classname="org.apache.xmpbox.schema.XMPMediaManagementTest" time="0.015"/>
  <testcase name="testGetSetProperty[InstanceID org.apache.xmpbox.type.TypeMapping$1@2b29f93b {2}]" classname="org.apache.xmpbox.schema.XMPMediaManagementTest" time="0.021"/>
  <testcase name="testGetSetValue[OriginalDocumentID org.apache.xmpbox.type.TypeMapping$1@50a9a6a0 {2}]" classname="org.apache.xmpbox.schema.XMPMediaManagementTest" time="0.004"/>
  <testcase name="testGetSetProperty[OriginalDocumentID org.apache.xmpbox.type.TypeMapping$1@50a9a6a0 {2}]" classname="org.apache.xmpbox.schema.XMPMediaManagementTest" time="0.006"/>
  <testcase name="testGetSetValue[RenditionParams org.apache.xmpbox.type.TypeMapping$1@31fa7bbf {2}]" classname="org.apache.xmpbox.schema.XMPMediaManagementTest" time="0.004"/>
  <testcase name="testGetSetProperty[RenditionParams org.apache.xmpbox.type.TypeMapping$1@31fa7bbf {2}]" classname="org.apache.xmpbox.schema.XMPMediaManagementTest" time="0.006"/>
  <testcase name="testGetSetValue[VersionID org.apache.xmpbox.type.TypeMapping$1@33d2523b {2}]" classname="org.apache.xmpbox.schema.XMPMediaManagementTest" time="0.005"/>
  <testcase name="testGetSetProperty[VersionID org.apache.xmpbox.type.TypeMapping$1@33d2523b {2}]" classname="org.apache.xmpbox.schema.XMPMediaManagementTest" time="0.007"/>
  <testcase name="testGetSetValue[Versions org.apache.xmpbox.type.TypeMapping$1@3514ba11 {2}]" classname="org.apache.xmpbox.schema.XMPMediaManagementTest" time="0.003"/>
  <testcase name="testGetSetProperty[Versions org.apache.xmpbox.type.TypeMapping$1@3514ba11 {2}]" classname="org.apache.xmpbox.schema.XMPMediaManagementTest" time="0.007"/>
  <testcase name="testGetSetValue[History org.apache.xmpbox.type.TypeMapping$1@63c3cd50 {2}]" classname="org.apache.xmpbox.schema.XMPMediaManagementTest" time="0.004"/>
  <testcase name="testGetSetProperty[History org.apache.xmpbox.type.TypeMapping$1@63c3cd50 {2}]" classname="org.apache.xmpbox.schema.XMPMediaManagementTest" time="0.006"/>
  <testcase name="testGetSetValue[Ingredients org.apache.xmpbox.type.TypeMapping$1@4bdc725b {2}]" classname="org.apache.xmpbox.schema.XMPMediaManagementTest" time="0.004"/>
  <testcase name="testGetSetProperty[Ingredients org.apache.xmpbox.type.TypeMapping$1@4bdc725b {2}]" classname="org.apache.xmpbox.schema.XMPMediaManagementTest" time="0.006"/>
</testsuite>